[INFO] Scanning for projects...
[INFO] Inspecting build with total of 13 modules...
[INFO] Installing Nexus Staging features:
[INFO]   ... total of 9 executions of maven-deploy-plugin replaced with nexus-staging-maven-plugin
[INFO] ------------------------------------------------------------------------
[INFO] Reactor Build Order:
[INFO] 
[INFO] Jave windows 32 bit native package                                 [jar]
[INFO] Jave windows 64 bit native package                                 [jar]
[INFO] Jave linux 32 bit native package                                   [jar]
[INFO] Jave linux 64 bit native package                                   [jar]
[INFO] Jave OSX 64 bit native package                                     [jar]
[INFO] Jave linux arm 64 bit native package                               [jar]
[INFO] Jave linux arm 32 bit native package                               [jar]
[INFO] Jave core package                                                  [jar]
[INFO] jave-core-test                                                     [jar]
[INFO] jave-core-test-java11                                              [jar]
[INFO] jave-example                                                       [jar]
[INFO] Jave all native dependencies package                               [jar]
[INFO] Jave master project                                                [pom]
[INFO] Downloading from central: https://repo.maven.apache.org/maven2/org/apache/maven/plugins/maven-deploy-plugin/3.0.1-M1/maven-deploy-plugin-3.0.1-M1.pom
[WARNING] The POM for org.apache.maven.plugins:maven-deploy-plugin:jar:3.0.1-M1 is missing, no dependency information available
[INFO] Downloading from central: https://repo.maven.apache.org/maven2/org/apache/maven/plugins/maven-deploy-plugin/3.0.1-M1/maven-deploy-plugin-3.0.1-M1.jar
[WARNING] Failed to retrieve plugin descriptor for org.apache.maven.plugins:maven-deploy-plugin:3.0.1-M1: Plugin org.apache.maven.plugins:maven-deploy-plugin:3.0.1-M1 or one of its dependencies could not be resolved: Could not find artifact org.apache.maven.plugins:maven-deploy-plugin:jar:3.0.1-M1 in central (https://repo.maven.apache.org/maven2)
[WARNING] The POM for com.github.spotbugs:spotbugs-maven-plugin:jar:4.1.4-ZY is missing, no dependency information available
[WARNING] Failed to retrieve plugin descriptor for com.github.spotbugs:spotbugs-maven-plugin:4.1.4-ZY: Plugin com.github.spotbugs:spotbugs-maven-plugin:4.1.4-ZY or one of its dependencies could not be resolved: Failure to find com.github.spotbugs:spotbugs-maven-plugin:jar:4.1.4-ZY in https://repo.maven.apache.org/maven2 was cached in the local repository, resolution will not be reattempted until the update interval of central has elapsed or updates are forced
[INFO] 
[INFO] -------------------< ws.schild:jave-nativebin-win32 >-------------------
[INFO] Building Jave windows 32 bit native package 3.1.0-SNAPSHOT        [1/13]
[INFO] --------------------------------[ jar ]---------------------------------
[WARNING] The POM for org.apache.maven.plugins:maven-deploy-plugin:jar:3.0.1-M1 is missing, no dependency information available
[WARNING] Failed to retrieve plugin descriptor for org.apache.maven.plugins:maven-deploy-plugin:3.0.1-M1: Plugin org.apache.maven.plugins:maven-deploy-plugin:3.0.1-M1 or one of its dependencies could not be resolved: Failure to find org.apache.maven.plugins:maven-deploy-plugin:jar:3.0.1-M1 in https://repo.maven.apache.org/maven2 was cached in the local repository, resolution will not be reattempted until the update interval of central has elapsed or updates are forced
[WARNING] The POM for com.github.spotbugs:spotbugs-maven-plugin:jar:4.1.4-ZY is missing, no dependency information available
[WARNING] Failed to retrieve plugin descriptor for com.github.spotbugs:spotbugs-maven-plugin:4.1.4-ZY: Plugin com.github.spotbugs:spotbugs-maven-plugin:4.1.4-ZY or one of its dependencies could not be resolved: Failure to find com.github.spotbugs:spotbugs-maven-plugin:jar:4.1.4-ZY in https://repo.maven.apache.org/maven2 was cached in the local repository, resolution will not be reattempted until the update interval of central has elapsed or updates are forced
[INFO] Downloading from central: https://repo.maven.apache.org/maven2/org/junit/platform/junit-platform-commons/1.4.2/junit-platform-commons-1.4.2.pom
[INFO] Downloaded from central: https://repo.maven.apache.org/maven2/org/junit/platform/junit-platform-commons/1.4.2/junit-platform-commons-1.4.2.pom (2.0 kB at 2.1 kB/s)
[INFO] Downloading from central: https://repo.maven.apache.org/maven2/org/junit/jupiter/junit-jupiter-api/5.4.2/junit-jupiter-api-5.4.2.jar
[INFO] Downloading from central: https://repo.maven.apache.org/maven2/org/junit/platform/junit-platform-commons/1.4.2/junit-platform-commons-1.4.2.jar
[INFO] Downloaded from central: https://repo.maven.apache.org/maven2/org/junit/jupiter/junit-jupiter-api/5.4.2/junit-jupiter-api-5.4.2.jar (134 kB at 177 kB/s)
[INFO] Downloaded from central: https://repo.maven.apache.org/maven2/org/junit/platform/junit-platform-commons/1.4.2/junit-platform-commons-1.4.2.jar (89 kB at 93 kB/s)
[INFO] 
[INFO] --- maven-clean-plugin:2.5:clean (default-clean) @ jave-nativebin-win32 ---
[INFO] Deleting /home/codegex/Documents/workspace/rbugs/experiment/top100repos/jave2/jave-nativebin-win32/target
[INFO] 
[INFO] --- maven-resources-plugin:3.1.0:resources (default-resources) @ jave-nativebin-win32 ---
[INFO] Using 'UTF-8' encoding to copy filtered resources.
[INFO] Copying 1 resource
[INFO] 
[INFO] --- maven-compiler-plugin:3.8.1:compile (default-compile) @ jave-nativebin-win32 ---
[INFO] No sources to compile
[INFO] 
[INFO] --- maven-resources-plugin:3.1.0:testResources (default-testResources) @ jave-nativebin-win32 ---
[INFO] Using 'UTF-8' encoding to copy filtered resources.
[INFO] skip non existing resourceDirectory /home/codegex/Documents/workspace/rbugs/experiment/top100repos/jave2/jave-nativebin-win32/src/test/resources
[INFO] 
[INFO] --- maven-compiler-plugin:3.8.1:testCompile (default-testCompile) @ jave-nativebin-win32 ---
[INFO] No sources to compile
[INFO] 
[INFO] --- maven-surefire-plugin:2.12.4:test (default-test) @ jave-nativebin-win32 ---
[INFO] Tests are skipped.
[INFO] 
[INFO] --- maven-jar-plugin:2.4:jar (default-jar) @ jave-nativebin-win32 ---
[INFO] Building jar: /home/codegex/Documents/workspace/rbugs/experiment/top100repos/jave2/jave-nativebin-win32/target/jave-nativebin-win32-3.1.0-SNAPSHOT.jar
[INFO] 
[INFO] --- maven-source-plugin:3.1.0:jar-no-fork (attach-sources) @ jave-nativebin-win32 ---
[INFO] Building jar: /home/codegex/Documents/workspace/rbugs/experiment/top100repos/jave2/jave-nativebin-win32/target/jave-nativebin-win32-3.1.0-SNAPSHOT-sources.jar
[INFO] 
[INFO] --- maven-javadoc-plugin:3.1.0:jar (attach-javadocs) @ jave-nativebin-win32 ---
[INFO] Skipping javadoc generation
[INFO] 
[INFO] --- maven-gpg-plugin:1.6:sign (sign-artifacts) @ jave-nativebin-win32 ---
[INFO] 
[INFO] --- maven-install-plugin:2.4:install (default-install) @ jave-nativebin-win32 ---
[INFO] Installing /home/codegex/Documents/workspace/rbugs/experiment/top100repos/jave2/jave-nativebin-win32/target/jave-nativebin-win32-3.1.0-SNAPSHOT.jar to /home/codegex/.m2/repository/ws/schild/jave-nativebin-win32/3.1.0-SNAPSHOT/jave-nativebin-win32-3.1.0-SNAPSHOT.jar
[INFO] Installing /home/codegex/Documents/workspace/rbugs/experiment/top100repos/jave2/jave-nativebin-win32/pom.xml to /home/codegex/.m2/repository/ws/schild/jave-nativebin-win32/3.1.0-SNAPSHOT/jave-nativebin-win32-3.1.0-SNAPSHOT.pom
[INFO] Installing /home/codegex/Documents/workspace/rbugs/experiment/top100repos/jave2/jave-nativebin-win32/target/jave-nativebin-win32-3.1.0-SNAPSHOT-sources.jar to /home/codegex/.m2/repository/ws/schild/jave-nativebin-win32/3.1.0-SNAPSHOT/jave-nativebin-win32-3.1.0-SNAPSHOT-sources.jar
[INFO] 
[INFO] --- maven-dependency-plugin:2.8:purge-local-repository (default-cli) @ jave-nativebin-win32 ---
[INFO] Downloading from central: https://repo.maven.apache.org/maven2/org/junit/jupiter/junit-jupiter-api/5.4.2/junit-jupiter-api-5.4.2.pom
[INFO] Downloaded from central: https://repo.maven.apache.org/maven2/org/junit/jupiter/junit-jupiter-api/5.4.2/junit-jupiter-api-5.4.2.pom (2.4 kB at 6.5 kB/s)
[INFO] Downloading from central: https://repo.maven.apache.org/maven2/org/apiguardian/apiguardian-api/1.0.0/apiguardian-api-1.0.0.pom
[INFO] Downloaded from central: https://repo.maven.apache.org/maven2/org/apiguardian/apiguardian-api/1.0.0/apiguardian-api-1.0.0.pom (1.2 kB at 3.2 kB/s)
[INFO] Downloading from central: https://repo.maven.apache.org/maven2/org/opentest4j/opentest4j/1.1.1/opentest4j-1.1.1.pom
[INFO] Downloaded from central: https://repo.maven.apache.org/maven2/org/opentest4j/opentest4j/1.1.1/opentest4j-1.1.1.pom (1.7 kB at 4.5 kB/s)
[INFO] Downloading from central: https://repo.maven.apache.org/maven2/org/junit/platform/junit-platform-commons/1.4.2/junit-platform-commons-1.4.2.pom
[INFO] Downloaded from central: https://repo.maven.apache.org/maven2/org/junit/platform/junit-platform-commons/1.4.2/junit-platform-commons-1.4.2.pom (2.0 kB at 5.5 kB/s)
[INFO] Downloading from central: https://repo.maven.apache.org/maven2/org/junit/jupiter/junit-jupiter-api/5.4.2/junit-jupiter-api-5.4.2.jar
[INFO] Downloaded from central: https://repo.maven.apache.org/maven2/org/junit/jupiter/junit-jupiter-api/5.4.2/junit-jupiter-api-5.4.2.jar (134 kB at 245 kB/s)
[INFO] Downloading from central: https://repo.maven.apache.org/maven2/org/apiguardian/apiguardian-api/1.0.0/apiguardian-api-1.0.0.jar
[INFO] Downloaded from central: https://repo.maven.apache.org/maven2/org/apiguardian/apiguardian-api/1.0.0/apiguardian-api-1.0.0.jar (2.2 kB at 5.5 kB/s)
[INFO] Downloading from central: https://repo.maven.apache.org/maven2/org/opentest4j/opentest4j/1.1.1/opentest4j-1.1.1.jar
[INFO] Downloaded from central: https://repo.maven.apache.org/maven2/org/opentest4j/opentest4j/1.1.1/opentest4j-1.1.1.jar (7.1 kB at 20 kB/s)
[INFO] Downloading from central: https://repo.maven.apache.org/maven2/org/junit/platform/junit-platform-commons/1.4.2/junit-platform-commons-1.4.2.jar
[INFO] Downloaded from central: https://repo.maven.apache.org/maven2/org/junit/platform/junit-platform-commons/1.4.2/junit-platform-commons-1.4.2.jar (89 kB at 227 kB/s)
[INFO] 
[INFO] -------------------< ws.schild:jave-nativebin-win64 >-------------------
[INFO] Building Jave windows 64 bit native package 3.1.0-SNAPSHOT        [2/13]
[INFO] --------------------------------[ jar ]---------------------------------
[WARNING] The POM for org.apache.maven.plugins:maven-deploy-plugin:jar:3.0.1-M1 is missing, no dependency information available
[WARNING] Failed to retrieve plugin descriptor for org.apache.maven.plugins:maven-deploy-plugin:3.0.1-M1: Plugin org.apache.maven.plugins:maven-deploy-plugin:3.0.1-M1 or one of its dependencies could not be resolved: Failure to find org.apache.maven.plugins:maven-deploy-plugin:jar:3.0.1-M1 in https://repo.maven.apache.org/maven2 was cached in the local repository, resolution will not be reattempted until the update interval of central has elapsed or updates are forced
[WARNING] The POM for com.github.spotbugs:spotbugs-maven-plugin:jar:4.1.4-ZY is missing, no dependency information available
[WARNING] Failed to retrieve plugin descriptor for com.github.spotbugs:spotbugs-maven-plugin:4.1.4-ZY: Plugin com.github.spotbugs:spotbugs-maven-plugin:4.1.4-ZY or one of its dependencies could not be resolved: Failure to find com.github.spotbugs:spotbugs-maven-plugin:jar:4.1.4-ZY in https://repo.maven.apache.org/maven2 was cached in the local repository, resolution will not be reattempted until the update interval of central has elapsed or updates are forced
[INFO] 
[INFO] --- maven-clean-plugin:2.5:clean (default-clean) @ jave-nativebin-win64 ---
[INFO] Deleting /home/codegex/Documents/workspace/rbugs/experiment/top100repos/jave2/jave-nativebin-win64/target
[INFO] 
[INFO] --- maven-resources-plugin:3.1.0:resources (default-resources) @ jave-nativebin-win64 ---
[INFO] Using 'UTF-8' encoding to copy filtered resources.
[INFO] Copying 1 resource
[INFO] 
[INFO] --- maven-compiler-plugin:3.8.1:compile (default-compile) @ jave-nativebin-win64 ---
[INFO] No sources to compile
[INFO] 
[INFO] --- maven-resources-plugin:3.1.0:testResources (default-testResources) @ jave-nativebin-win64 ---
[INFO] Using 'UTF-8' encoding to copy filtered resources.
[INFO] skip non existing resourceDirectory /home/codegex/Documents/workspace/rbugs/experiment/top100repos/jave2/jave-nativebin-win64/src/test/resources
[INFO] 
[INFO] --- maven-compiler-plugin:3.8.1:testCompile (default-testCompile) @ jave-nativebin-win64 ---
[INFO] No sources to compile
[INFO] 
[INFO] --- maven-surefire-plugin:2.12.4:test (default-test) @ jave-nativebin-win64 ---
[INFO] Tests are skipped.
[INFO] 
[INFO] --- maven-jar-plugin:2.4:jar (default-jar) @ jave-nativebin-win64 ---
[INFO] Building jar: /home/codegex/Documents/workspace/rbugs/experiment/top100repos/jave2/jave-nativebin-win64/target/jave-nativebin-win64-3.1.0-SNAPSHOT.jar
[INFO] 
[INFO] --- maven-source-plugin:3.1.0:jar-no-fork (attach-sources) @ jave-nativebin-win64 ---
[INFO] Building jar: /home/codegex/Documents/workspace/rbugs/experiment/top100repos/jave2/jave-nativebin-win64/target/jave-nativebin-win64-3.1.0-SNAPSHOT-sources.jar
[INFO] 
[INFO] --- maven-javadoc-plugin:3.1.0:jar (attach-javadocs) @ jave-nativebin-win64 ---
[INFO] Skipping javadoc generation
[INFO] 
[INFO] --- maven-gpg-plugin:1.6:sign (sign-artifacts) @ jave-nativebin-win64 ---
[INFO] 
[INFO] --- maven-install-plugin:2.4:install (default-install) @ jave-nativebin-win64 ---
[INFO] Installing /home/codegex/Documents/workspace/rbugs/experiment/top100repos/jave2/jave-nativebin-win64/target/jave-nativebin-win64-3.1.0-SNAPSHOT.jar to /home/codegex/.m2/repository/ws/schild/jave-nativebin-win64/3.1.0-SNAPSHOT/jave-nativebin-win64-3.1.0-SNAPSHOT.jar
[INFO] Installing /home/codegex/Documents/workspace/rbugs/experiment/top100repos/jave2/jave-nativebin-win64/pom.xml to /home/codegex/.m2/repository/ws/schild/jave-nativebin-win64/3.1.0-SNAPSHOT/jave-nativebin-win64-3.1.0-SNAPSHOT.pom
[INFO] Installing /home/codegex/Documents/workspace/rbugs/experiment/top100repos/jave2/jave-nativebin-win64/target/jave-nativebin-win64-3.1.0-SNAPSHOT-sources.jar to /home/codegex/.m2/repository/ws/schild/jave-nativebin-win64/3.1.0-SNAPSHOT/jave-nativebin-win64-3.1.0-SNAPSHOT-sources.jar
[INFO] 
[INFO] --- maven-dependency-plugin:2.8:purge-local-repository (default-cli) @ jave-nativebin-win64 ---
[INFO] Downloading from central: https://repo.maven.apache.org/maven2/org/junit/jupiter/junit-jupiter-api/5.4.2/junit-jupiter-api-5.4.2.pom
[INFO] Downloaded from central: https://repo.maven.apache.org/maven2/org/junit/jupiter/junit-jupiter-api/5.4.2/junit-jupiter-api-5.4.2.pom (2.4 kB at 6.5 kB/s)
[INFO] Downloading from central: https://repo.maven.apache.org/maven2/org/apiguardian/apiguardian-api/1.0.0/apiguardian-api-1.0.0.pom
[INFO] Downloaded from central: https://repo.maven.apache.org/maven2/org/apiguardian/apiguardian-api/1.0.0/apiguardian-api-1.0.0.pom (1.2 kB at 3.2 kB/s)
[INFO] Downloading from central: https://repo.maven.apache.org/maven2/org/opentest4j/opentest4j/1.1.1/opentest4j-1.1.1.pom
[INFO] Downloaded from central: https://repo.maven.apache.org/maven2/org/opentest4j/opentest4j/1.1.1/opentest4j-1.1.1.pom (1.7 kB at 4.4 kB/s)
[INFO] Downloading from central: https://repo.maven.apache.org/maven2/org/junit/platform/junit-platform-commons/1.4.2/junit-platform-commons-1.4.2.pom
[INFO] Downloaded from central: https://repo.maven.apache.org/maven2/org/junit/platform/junit-platform-commons/1.4.2/junit-platform-commons-1.4.2.pom (2.0 kB at 5.6 kB/s)
[INFO] Downloading from central: https://repo.maven.apache.org/maven2/org/junit/jupiter/junit-jupiter-api/5.4.2/junit-jupiter-api-5.4.2.jar
[INFO] Downloaded from central: https://repo.maven.apache.org/maven2/org/junit/jupiter/junit-jupiter-api/5.4.2/junit-jupiter-api-5.4.2.jar (134 kB at 319 kB/s)
[INFO] Downloading from central: https://repo.maven.apache.org/maven2/org/apiguardian/apiguardian-api/1.0.0/apiguardian-api-1.0.0.jar
[INFO] Downloaded from central: https://repo.maven.apache.org/maven2/org/apiguardian/apiguardian-api/1.0.0/apiguardian-api-1.0.0.jar (2.2 kB at 6.0 kB/s)
[INFO] Downloading from central: https://repo.maven.apache.org/maven2/org/opentest4j/opentest4j/1.1.1/opentest4j-1.1.1.jar
[INFO] Downloaded from central: https://repo.maven.apache.org/maven2/org/opentest4j/opentest4j/1.1.1/opentest4j-1.1.1.jar (7.1 kB at 20 kB/s)
[INFO] Downloading from central: https://repo.maven.apache.org/maven2/org/junit/platform/junit-platform-commons/1.4.2/junit-platform-commons-1.4.2.jar
[INFO] Downloaded from central: https://repo.maven.apache.org/maven2/org/junit/platform/junit-platform-commons/1.4.2/junit-platform-commons-1.4.2.jar (89 kB at 229 kB/s)
[INFO] 
[INFO] ------------------< ws.schild:jave-nativebin-linux32 >------------------
[INFO] Building Jave linux 32 bit native package 3.1.0-SNAPSHOT          [3/13]
[INFO] --------------------------------[ jar ]---------------------------------
[WARNING] The POM for org.apache.maven.plugins:maven-deploy-plugin:jar:3.0.1-M1 is missing, no dependency information available
[WARNING] Failed to retrieve plugin descriptor for org.apache.maven.plugins:maven-deploy-plugin:3.0.1-M1: Plugin org.apache.maven.plugins:maven-deploy-plugin:3.0.1-M1 or one of its dependencies could not be resolved: Failure to find org.apache.maven.plugins:maven-deploy-plugin:jar:3.0.1-M1 in https://repo.maven.apache.org/maven2 was cached in the local repository, resolution will not be reattempted until the update interval of central has elapsed or updates are forced
[WARNING] The POM for com.github.spotbugs:spotbugs-maven-plugin:jar:4.1.4-ZY is missing, no dependency information available
[WARNING] Failed to retrieve plugin descriptor for com.github.spotbugs:spotbugs-maven-plugin:4.1.4-ZY: Plugin com.github.spotbugs:spotbugs-maven-plugin:4.1.4-ZY or one of its dependencies could not be resolved: Failure to find com.github.spotbugs:spotbugs-maven-plugin:jar:4.1.4-ZY in https://repo.maven.apache.org/maven2 was cached in the local repository, resolution will not be reattempted until the update interval of central has elapsed or updates are forced
[INFO] 
[INFO] --- maven-clean-plugin:2.5:clean (default-clean) @ jave-nativebin-linux32 ---
[INFO] Deleting /home/codegex/Documents/workspace/rbugs/experiment/top100repos/jave2/jave-nativebin-linux32/target
[INFO] 
[INFO] --- maven-resources-plugin:3.1.0:resources (default-resources) @ jave-nativebin-linux32 ---
[INFO] Using 'UTF-8' encoding to copy filtered resources.
[INFO] Copying 1 resource
[INFO] 
[INFO] --- maven-compiler-plugin:3.8.1:compile (default-compile) @ jave-nativebin-linux32 ---
[INFO] No sources to compile
[INFO] 
[INFO] --- maven-resources-plugin:3.1.0:testResources (default-testResources) @ jave-nativebin-linux32 ---
[INFO] Using 'UTF-8' encoding to copy filtered resources.
[INFO] skip non existing resourceDirectory /home/codegex/Documents/workspace/rbugs/experiment/top100repos/jave2/jave-nativebin-linux32/src/test/resources
[INFO] 
[INFO] --- maven-compiler-plugin:3.8.1:testCompile (default-testCompile) @ jave-nativebin-linux32 ---
[INFO] No sources to compile
[INFO] 
[INFO] --- maven-surefire-plugin:2.12.4:test (default-test) @ jave-nativebin-linux32 ---
[INFO] Tests are skipped.
[INFO] 
[INFO] --- maven-jar-plugin:2.4:jar (default-jar) @ jave-nativebin-linux32 ---
[INFO] Building jar: /home/codegex/Documents/workspace/rbugs/experiment/top100repos/jave2/jave-nativebin-linux32/target/jave-nativebin-linux32-3.1.0-SNAPSHOT.jar
[INFO] 
[INFO] --- maven-source-plugin:3.1.0:jar-no-fork (attach-sources) @ jave-nativebin-linux32 ---
[INFO] Building jar: /home/codegex/Documents/workspace/rbugs/experiment/top100repos/jave2/jave-nativebin-linux32/target/jave-nativebin-linux32-3.1.0-SNAPSHOT-sources.jar
[INFO] 
[INFO] --- maven-javadoc-plugin:3.1.0:jar (attach-javadocs) @ jave-nativebin-linux32 ---
[INFO] Skipping javadoc generation
[INFO] 
[INFO] --- maven-gpg-plugin:1.6:sign (sign-artifacts) @ jave-nativebin-linux32 ---
[INFO] 
[INFO] --- maven-install-plugin:2.4:install (default-install) @ jave-nativebin-linux32 ---
[INFO] Installing /home/codegex/Documents/workspace/rbugs/experiment/top100repos/jave2/jave-nativebin-linux32/target/jave-nativebin-linux32-3.1.0-SNAPSHOT.jar to /home/codegex/.m2/repository/ws/schild/jave-nativebin-linux32/3.1.0-SNAPSHOT/jave-nativebin-linux32-3.1.0-SNAPSHOT.jar
[INFO] Installing /home/codegex/Documents/workspace/rbugs/experiment/top100repos/jave2/jave-nativebin-linux32/pom.xml to /home/codegex/.m2/repository/ws/schild/jave-nativebin-linux32/3.1.0-SNAPSHOT/jave-nativebin-linux32-3.1.0-SNAPSHOT.pom
[INFO] Installing /home/codegex/Documents/workspace/rbugs/experiment/top100repos/jave2/jave-nativebin-linux32/target/jave-nativebin-linux32-3.1.0-SNAPSHOT-sources.jar to /home/codegex/.m2/repository/ws/schild/jave-nativebin-linux32/3.1.0-SNAPSHOT/jave-nativebin-linux32-3.1.0-SNAPSHOT-sources.jar
[INFO] 
[INFO] --- maven-dependency-plugin:2.8:purge-local-repository (default-cli) @ jave-nativebin-linux32 ---
[INFO] Downloading from central: https://repo.maven.apache.org/maven2/org/junit/jupiter/junit-jupiter-api/5.4.2/junit-jupiter-api-5.4.2.pom
[INFO] Downloaded from central: https://repo.maven.apache.org/maven2/org/junit/jupiter/junit-jupiter-api/5.4.2/junit-jupiter-api-5.4.2.pom (2.4 kB at 6.5 kB/s)
[INFO] Downloading from central: https://repo.maven.apache.org/maven2/org/apiguardian/apiguardian-api/1.0.0/apiguardian-api-1.0.0.pom
[INFO] Downloaded from central: https://repo.maven.apache.org/maven2/org/apiguardian/apiguardian-api/1.0.0/apiguardian-api-1.0.0.pom (1.2 kB at 3.2 kB/s)
[INFO] Downloading from central: https://repo.maven.apache.org/maven2/org/opentest4j/opentest4j/1.1.1/opentest4j-1.1.1.pom
[INFO] Downloaded from central: https://repo.maven.apache.org/maven2/org/opentest4j/opentest4j/1.1.1/opentest4j-1.1.1.pom (1.7 kB at 4.7 kB/s)
[INFO] Downloading from central: https://repo.maven.apache.org/maven2/org/junit/platform/junit-platform-commons/1.4.2/junit-platform-commons-1.4.2.pom
[INFO] Downloaded from central: https://repo.maven.apache.org/maven2/org/junit/platform/junit-platform-commons/1.4.2/junit-platform-commons-1.4.2.pom (2.0 kB at 5.5 kB/s)
[INFO] Downloading from central: https://repo.maven.apache.org/maven2/org/junit/jupiter/junit-jupiter-api/5.4.2/junit-jupiter-api-5.4.2.jar
[INFO] Downloaded from central: https://repo.maven.apache.org/maven2/org/junit/jupiter/junit-jupiter-api/5.4.2/junit-jupiter-api-5.4.2.jar (134 kB at 330 kB/s)
[INFO] Downloading from central: https://repo.maven.apache.org/maven2/org/apiguardian/apiguardian-api/1.0.0/apiguardian-api-1.0.0.jar
[INFO] Downloaded from central: https://repo.maven.apache.org/maven2/org/apiguardian/apiguardian-api/1.0.0/apiguardian-api-1.0.0.jar (2.2 kB at 6.0 kB/s)
[INFO] Downloading from central: https://repo.maven.apache.org/maven2/org/opentest4j/opentest4j/1.1.1/opentest4j-1.1.1.jar
[INFO] Downloaded from central: https://repo.maven.apache.org/maven2/org/opentest4j/opentest4j/1.1.1/opentest4j-1.1.1.jar (7.1 kB at 19 kB/s)
[INFO] Downloading from central: https://repo.maven.apache.org/maven2/org/junit/platform/junit-platform-commons/1.4.2/junit-platform-commons-1.4.2.jar
[INFO] Downloaded from central: https://repo.maven.apache.org/maven2/org/junit/platform/junit-platform-commons/1.4.2/junit-platform-commons-1.4.2.jar (89 kB at 230 kB/s)
[INFO] 
[INFO] ------------------< ws.schild:jave-nativebin-linux64 >------------------
[INFO] Building Jave linux 64 bit native package 3.1.0-SNAPSHOT          [4/13]
[INFO] --------------------------------[ jar ]---------------------------------
[WARNING] The POM for org.apache.maven.plugins:maven-deploy-plugin:jar:3.0.1-M1 is missing, no dependency information available
[WARNING] Failed to retrieve plugin descriptor for org.apache.maven.plugins:maven-deploy-plugin:3.0.1-M1: Plugin org.apache.maven.plugins:maven-deploy-plugin:3.0.1-M1 or one of its dependencies could not be resolved: Failure to find org.apache.maven.plugins:maven-deploy-plugin:jar:3.0.1-M1 in https://repo.maven.apache.org/maven2 was cached in the local repository, resolution will not be reattempted until the update interval of central has elapsed or updates are forced
[WARNING] The POM for com.github.spotbugs:spotbugs-maven-plugin:jar:4.1.4-ZY is missing, no dependency information available
[WARNING] Failed to retrieve plugin descriptor for com.github.spotbugs:spotbugs-maven-plugin:4.1.4-ZY: Plugin com.github.spotbugs:spotbugs-maven-plugin:4.1.4-ZY or one of its dependencies could not be resolved: Failure to find com.github.spotbugs:spotbugs-maven-plugin:jar:4.1.4-ZY in https://repo.maven.apache.org/maven2 was cached in the local repository, resolution will not be reattempted until the update interval of central has elapsed or updates are forced
[INFO] 
[INFO] --- maven-clean-plugin:2.5:clean (default-clean) @ jave-nativebin-linux64 ---
[INFO] Deleting /home/codegex/Documents/workspace/rbugs/experiment/top100repos/jave2/jave-nativebin-linux64/target
[INFO] 
[INFO] --- maven-resources-plugin:3.1.0:resources (default-resources) @ jave-nativebin-linux64 ---
[INFO] Using 'UTF-8' encoding to copy filtered resources.
[INFO] Copying 1 resource
[INFO] 
[INFO] --- maven-compiler-plugin:3.8.1:compile (default-compile) @ jave-nativebin-linux64 ---
[INFO] No sources to compile
[INFO] 
[INFO] --- maven-resources-plugin:3.1.0:testResources (default-testResources) @ jave-nativebin-linux64 ---
[INFO] Using 'UTF-8' encoding to copy filtered resources.
[INFO] skip non existing resourceDirectory /home/codegex/Documents/workspace/rbugs/experiment/top100repos/jave2/jave-nativebin-linux64/src/test/resources
[INFO] 
[INFO] --- maven-compiler-plugin:3.8.1:testCompile (default-testCompile) @ jave-nativebin-linux64 ---
[INFO] No sources to compile
[INFO] 
[INFO] --- maven-surefire-plugin:2.12.4:test (default-test) @ jave-nativebin-linux64 ---
[INFO] Tests are skipped.
[INFO] 
[INFO] --- maven-jar-plugin:2.4:jar (default-jar) @ jave-nativebin-linux64 ---
[INFO] Building jar: /home/codegex/Documents/workspace/rbugs/experiment/top100repos/jave2/jave-nativebin-linux64/target/jave-nativebin-linux64-3.1.0-SNAPSHOT.jar
[INFO] 
[INFO] --- maven-source-plugin:3.1.0:jar-no-fork (attach-sources) @ jave-nativebin-linux64 ---
[INFO] Building jar: /home/codegex/Documents/workspace/rbugs/experiment/top100repos/jave2/jave-nativebin-linux64/target/jave-nativebin-linux64-3.1.0-SNAPSHOT-sources.jar
[INFO] 
[INFO] --- maven-javadoc-plugin:3.1.0:jar (attach-javadocs) @ jave-nativebin-linux64 ---
[INFO] Skipping javadoc generation
[INFO] 
[INFO] --- maven-gpg-plugin:1.6:sign (sign-artifacts) @ jave-nativebin-linux64 ---
[INFO] 
[INFO] --- maven-install-plugin:2.4:install (default-install) @ jave-nativebin-linux64 ---
[INFO] Installing /home/codegex/Documents/workspace/rbugs/experiment/top100repos/jave2/jave-nativebin-linux64/target/jave-nativebin-linux64-3.1.0-SNAPSHOT.jar to /home/codegex/.m2/repository/ws/schild/jave-nativebin-linux64/3.1.0-SNAPSHOT/jave-nativebin-linux64-3.1.0-SNAPSHOT.jar
[INFO] Installing /home/codegex/Documents/workspace/rbugs/experiment/top100repos/jave2/jave-nativebin-linux64/pom.xml to /home/codegex/.m2/repository/ws/schild/jave-nativebin-linux64/3.1.0-SNAPSHOT/jave-nativebin-linux64-3.1.0-SNAPSHOT.pom
[INFO] Installing /home/codegex/Documents/workspace/rbugs/experiment/top100repos/jave2/jave-nativebin-linux64/target/jave-nativebin-linux64-3.1.0-SNAPSHOT-sources.jar to /home/codegex/.m2/repository/ws/schild/jave-nativebin-linux64/3.1.0-SNAPSHOT/jave-nativebin-linux64-3.1.0-SNAPSHOT-sources.jar
[INFO] 
[INFO] --- maven-dependency-plugin:2.8:purge-local-repository (default-cli) @ jave-nativebin-linux64 ---
[INFO] Downloading from central: https://repo.maven.apache.org/maven2/org/junit/jupiter/junit-jupiter-api/5.4.2/junit-jupiter-api-5.4.2.pom
[INFO] Downloaded from central: https://repo.maven.apache.org/maven2/org/junit/jupiter/junit-jupiter-api/5.4.2/junit-jupiter-api-5.4.2.pom (2.4 kB at 6.6 kB/s)
[INFO] Downloading from central: https://repo.maven.apache.org/maven2/org/apiguardian/apiguardian-api/1.0.0/apiguardian-api-1.0.0.pom
[INFO] Downloaded from central: https://repo.maven.apache.org/maven2/org/apiguardian/apiguardian-api/1.0.0/apiguardian-api-1.0.0.pom (1.2 kB at 3.2 kB/s)
[INFO] Downloading from central: https://repo.maven.apache.org/maven2/org/opentest4j/opentest4j/1.1.1/opentest4j-1.1.1.pom
[INFO] Downloaded from central: https://repo.maven.apache.org/maven2/org/opentest4j/opentest4j/1.1.1/opentest4j-1.1.1.pom (1.7 kB at 4.6 kB/s)
[INFO] Downloading from central: https://repo.maven.apache.org/maven2/org/junit/platform/junit-platform-commons/1.4.2/junit-platform-commons-1.4.2.pom
[INFO] Downloaded from central: https://repo.maven.apache.org/maven2/org/junit/platform/junit-platform-commons/1.4.2/junit-platform-commons-1.4.2.pom (2.0 kB at 5.6 kB/s)
[INFO] Downloading from central: https://repo.maven.apache.org/maven2/org/junit/jupiter/junit-jupiter-api/5.4.2/junit-jupiter-api-5.4.2.jar
[INFO] Downloaded from central: https://repo.maven.apache.org/maven2/org/junit/jupiter/junit-jupiter-api/5.4.2/junit-jupiter-api-5.4.2.jar (134 kB at 332 kB/s)
[INFO] Downloading from central: https://repo.maven.apache.org/maven2/org/apiguardian/apiguardian-api/1.0.0/apiguardian-api-1.0.0.jar
[INFO] Downloaded from central: https://repo.maven.apache.org/maven2/org/apiguardian/apiguardian-api/1.0.0/apiguardian-api-1.0.0.jar (2.2 kB at 6.0 kB/s)
[INFO] Downloading from central: https://repo.maven.apache.org/maven2/org/opentest4j/opentest4j/1.1.1/opentest4j-1.1.1.jar
[INFO] Downloaded from central: https://repo.maven.apache.org/maven2/org/opentest4j/opentest4j/1.1.1/opentest4j-1.1.1.jar (7.1 kB at 20 kB/s)
[INFO] Downloading from central: https://repo.maven.apache.org/maven2/org/junit/platform/junit-platform-commons/1.4.2/junit-platform-commons-1.4.2.jar
[INFO] Downloaded from central: https://repo.maven.apache.org/maven2/org/junit/platform/junit-platform-commons/1.4.2/junit-platform-commons-1.4.2.jar (89 kB at 229 kB/s)
[INFO] 
[INFO] -------------------< ws.schild:jave-nativebin-osx64 >-------------------
[INFO] Building Jave OSX 64 bit native package 3.1.0-SNAPSHOT            [5/13]
[INFO] --------------------------------[ jar ]---------------------------------
[WARNING] The POM for org.apache.maven.plugins:maven-deploy-plugin:jar:3.0.1-M1 is missing, no dependency information available
[WARNING] Failed to retrieve plugin descriptor for org.apache.maven.plugins:maven-deploy-plugin:3.0.1-M1: Plugin org.apache.maven.plugins:maven-deploy-plugin:3.0.1-M1 or one of its dependencies could not be resolved: Failure to find org.apache.maven.plugins:maven-deploy-plugin:jar:3.0.1-M1 in https://repo.maven.apache.org/maven2 was cached in the local repository, resolution will not be reattempted until the update interval of central has elapsed or updates are forced
[WARNING] The POM for com.github.spotbugs:spotbugs-maven-plugin:jar:4.1.4-ZY is missing, no dependency information available
[WARNING] Failed to retrieve plugin descriptor for com.github.spotbugs:spotbugs-maven-plugin:4.1.4-ZY: Plugin com.github.spotbugs:spotbugs-maven-plugin:4.1.4-ZY or one of its dependencies could not be resolved: Failure to find com.github.spotbugs:spotbugs-maven-plugin:jar:4.1.4-ZY in https://repo.maven.apache.org/maven2 was cached in the local repository, resolution will not be reattempted until the update interval of central has elapsed or updates are forced
[INFO] 
[INFO] --- maven-clean-plugin:2.5:clean (default-clean) @ jave-nativebin-osx64 ---
[INFO] Deleting /home/codegex/Documents/workspace/rbugs/experiment/top100repos/jave2/jave-nativebin-osx64/target
[INFO] 
[INFO] --- maven-resources-plugin:3.1.0:resources (default-resources) @ jave-nativebin-osx64 ---
[INFO] Using 'UTF-8' encoding to copy filtered resources.
[INFO] Copying 1 resource
[INFO] 
[INFO] --- maven-compiler-plugin:3.8.1:compile (default-compile) @ jave-nativebin-osx64 ---
[INFO] No sources to compile
[INFO] 
[INFO] --- maven-resources-plugin:3.1.0:testResources (default-testResources) @ jave-nativebin-osx64 ---
[INFO] Using 'UTF-8' encoding to copy filtered resources.
[INFO] skip non existing resourceDirectory /home/codegex/Documents/workspace/rbugs/experiment/top100repos/jave2/jave-nativebin-osx64/src/test/resources
[INFO] 
[INFO] --- maven-compiler-plugin:3.8.1:testCompile (default-testCompile) @ jave-nativebin-osx64 ---
[INFO] No sources to compile
[INFO] 
[INFO] --- maven-surefire-plugin:2.12.4:test (default-test) @ jave-nativebin-osx64 ---
[INFO] Tests are skipped.
[INFO] 
[INFO] --- maven-jar-plugin:2.4:jar (default-jar) @ jave-nativebin-osx64 ---
[INFO] Building jar: /home/codegex/Documents/workspace/rbugs/experiment/top100repos/jave2/jave-nativebin-osx64/target/jave-nativebin-osx64-3.1.0-SNAPSHOT.jar
[INFO] 
[INFO] --- maven-source-plugin:3.1.0:jar-no-fork (attach-sources) @ jave-nativebin-osx64 ---
[INFO] Building jar: /home/codegex/Documents/workspace/rbugs/experiment/top100repos/jave2/jave-nativebin-osx64/target/jave-nativebin-osx64-3.1.0-SNAPSHOT-sources.jar
[INFO] 
[INFO] --- maven-javadoc-plugin:3.1.0:jar (attach-javadocs) @ jave-nativebin-osx64 ---
[INFO] Skipping javadoc generation
[INFO] 
[INFO] --- maven-gpg-plugin:1.6:sign (sign-artifacts) @ jave-nativebin-osx64 ---
[INFO] 
[INFO] --- maven-install-plugin:2.4:install (default-install) @ jave-nativebin-osx64 ---
[INFO] Installing /home/codegex/Documents/workspace/rbugs/experiment/top100repos/jave2/jave-nativebin-osx64/target/jave-nativebin-osx64-3.1.0-SNAPSHOT.jar to /home/codegex/.m2/repository/ws/schild/jave-nativebin-osx64/3.1.0-SNAPSHOT/jave-nativebin-osx64-3.1.0-SNAPSHOT.jar
[INFO] Installing /home/codegex/Documents/workspace/rbugs/experiment/top100repos/jave2/jave-nativebin-osx64/pom.xml to /home/codegex/.m2/repository/ws/schild/jave-nativebin-osx64/3.1.0-SNAPSHOT/jave-nativebin-osx64-3.1.0-SNAPSHOT.pom
[INFO] Installing /home/codegex/Documents/workspace/rbugs/experiment/top100repos/jave2/jave-nativebin-osx64/target/jave-nativebin-osx64-3.1.0-SNAPSHOT-sources.jar to /home/codegex/.m2/repository/ws/schild/jave-nativebin-osx64/3.1.0-SNAPSHOT/jave-nativebin-osx64-3.1.0-SNAPSHOT-sources.jar
[INFO] 
[INFO] --- maven-dependency-plugin:2.8:purge-local-repository (default-cli) @ jave-nativebin-osx64 ---
[INFO] Downloading from central: https://repo.maven.apache.org/maven2/org/junit/jupiter/junit-jupiter-api/5.4.2/junit-jupiter-api-5.4.2.pom
[INFO] Downloaded from central: https://repo.maven.apache.org/maven2/org/junit/jupiter/junit-jupiter-api/5.4.2/junit-jupiter-api-5.4.2.pom (2.4 kB at 6.6 kB/s)
[INFO] Downloading from central: https://repo.maven.apache.org/maven2/org/apiguardian/apiguardian-api/1.0.0/apiguardian-api-1.0.0.pom
[INFO] Downloaded from central: https://repo.maven.apache.org/maven2/org/apiguardian/apiguardian-api/1.0.0/apiguardian-api-1.0.0.pom (1.2 kB at 3.2 kB/s)
[INFO] Downloading from central: https://repo.maven.apache.org/maven2/org/opentest4j/opentest4j/1.1.1/opentest4j-1.1.1.pom
[INFO] Downloaded from central: https://repo.maven.apache.org/maven2/org/opentest4j/opentest4j/1.1.1/opentest4j-1.1.1.pom (1.7 kB at 3.8 kB/s)
[INFO] Downloading from central: https://repo.maven.apache.org/maven2/org/junit/platform/junit-platform-commons/1.4.2/junit-platform-commons-1.4.2.pom
[INFO] Downloaded from central: https://repo.maven.apache.org/maven2/org/junit/platform/junit-platform-commons/1.4.2/junit-platform-commons-1.4.2.pom (2.0 kB at 4.4 kB/s)
[INFO] Downloading from central: https://repo.maven.apache.org/maven2/org/junit/jupiter/junit-jupiter-api/5.4.2/junit-jupiter-api-5.4.2.jar
[INFO] Downloaded from central: https://repo.maven.apache.org/maven2/org/junit/jupiter/junit-jupiter-api/5.4.2/junit-jupiter-api-5.4.2.jar (134 kB at 255 kB/s)
[INFO] Downloading from central: https://repo.maven.apache.org/maven2/org/apiguardian/apiguardian-api/1.0.0/apiguardian-api-1.0.0.jar
[INFO] Downloaded from central: https://repo.maven.apache.org/maven2/org/apiguardian/apiguardian-api/1.0.0/apiguardian-api-1.0.0.jar (2.2 kB at 6.0 kB/s)
[INFO] Downloading from central: https://repo.maven.apache.org/maven2/org/opentest4j/opentest4j/1.1.1/opentest4j-1.1.1.jar
[INFO] Downloaded from central: https://repo.maven.apache.org/maven2/org/opentest4j/opentest4j/1.1.1/opentest4j-1.1.1.jar (7.1 kB at 20 kB/s)
[INFO] Downloading from central: https://repo.maven.apache.org/maven2/org/junit/platform/junit-platform-commons/1.4.2/junit-platform-commons-1.4.2.jar
[INFO] Downloaded from central: https://repo.maven.apache.org/maven2/org/junit/platform/junit-platform-commons/1.4.2/junit-platform-commons-1.4.2.jar (89 kB at 229 kB/s)
[INFO] 
[INFO] ----------------< ws.schild:jave-nativebin-linux-arm64 >----------------
[INFO] Building Jave linux arm 64 bit native package 3.1.0-SNAPSHOT      [6/13]
[INFO] --------------------------------[ jar ]---------------------------------
[WARNING] The POM for org.apache.maven.plugins:maven-deploy-plugin:jar:3.0.1-M1 is missing, no dependency information available
[WARNING] Failed to retrieve plugin descriptor for org.apache.maven.plugins:maven-deploy-plugin:3.0.1-M1: Plugin org.apache.maven.plugins:maven-deploy-plugin:3.0.1-M1 or one of its dependencies could not be resolved: Failure to find org.apache.maven.plugins:maven-deploy-plugin:jar:3.0.1-M1 in https://repo.maven.apache.org/maven2 was cached in the local repository, resolution will not be reattempted until the update interval of central has elapsed or updates are forced
[WARNING] The POM for com.github.spotbugs:spotbugs-maven-plugin:jar:4.1.4-ZY is missing, no dependency information available
[WARNING] Failed to retrieve plugin descriptor for com.github.spotbugs:spotbugs-maven-plugin:4.1.4-ZY: Plugin com.github.spotbugs:spotbugs-maven-plugin:4.1.4-ZY or one of its dependencies could not be resolved: Failure to find com.github.spotbugs:spotbugs-maven-plugin:jar:4.1.4-ZY in https://repo.maven.apache.org/maven2 was cached in the local repository, resolution will not be reattempted until the update interval of central has elapsed or updates are forced
[INFO] 
[INFO] --- maven-clean-plugin:2.5:clean (default-clean) @ jave-nativebin-linux-arm64 ---
[INFO] Deleting /home/codegex/Documents/workspace/rbugs/experiment/top100repos/jave2/jave-nativebin-arm64/target
[INFO] 
[INFO] --- maven-resources-plugin:3.1.0:resources (default-resources) @ jave-nativebin-linux-arm64 ---
[INFO] Using 'UTF-8' encoding to copy filtered resources.
[INFO] Copying 1 resource
[INFO] 
[INFO] --- maven-compiler-plugin:3.8.1:compile (default-compile) @ jave-nativebin-linux-arm64 ---
[INFO] No sources to compile
[INFO] 
[INFO] --- maven-resources-plugin:3.1.0:testResources (default-testResources) @ jave-nativebin-linux-arm64 ---
[INFO] Using 'UTF-8' encoding to copy filtered resources.
[INFO] skip non existing resourceDirectory /home/codegex/Documents/workspace/rbugs/experiment/top100repos/jave2/jave-nativebin-arm64/src/test/resources
[INFO] 
[INFO] --- maven-compiler-plugin:3.8.1:testCompile (default-testCompile) @ jave-nativebin-linux-arm64 ---
[INFO] No sources to compile
[INFO] 
[INFO] --- maven-surefire-plugin:2.12.4:test (default-test) @ jave-nativebin-linux-arm64 ---
[INFO] Tests are skipped.
[INFO] 
[INFO] --- maven-jar-plugin:2.4:jar (default-jar) @ jave-nativebin-linux-arm64 ---
[INFO] Building jar: /home/codegex/Documents/workspace/rbugs/experiment/top100repos/jave2/jave-nativebin-arm64/target/jave-nativebin-linux-arm64-3.1.0-SNAPSHOT.jar
[INFO] 
[INFO] --- maven-source-plugin:3.1.0:jar-no-fork (attach-sources) @ jave-nativebin-linux-arm64 ---
[INFO] Building jar: /home/codegex/Documents/workspace/rbugs/experiment/top100repos/jave2/jave-nativebin-arm64/target/jave-nativebin-linux-arm64-3.1.0-SNAPSHOT-sources.jar
[INFO] 
[INFO] --- maven-javadoc-plugin:3.1.0:jar (attach-javadocs) @ jave-nativebin-linux-arm64 ---
[INFO] Skipping javadoc generation
[INFO] 
[INFO] --- maven-gpg-plugin:1.6:sign (sign-artifacts) @ jave-nativebin-linux-arm64 ---
[INFO] 
[INFO] --- maven-install-plugin:2.4:install (default-install) @ jave-nativebin-linux-arm64 ---
[INFO] Installing /home/codegex/Documents/workspace/rbugs/experiment/top100repos/jave2/jave-nativebin-arm64/target/jave-nativebin-linux-arm64-3.1.0-SNAPSHOT.jar to /home/codegex/.m2/repository/ws/schild/jave-nativebin-linux-arm64/3.1.0-SNAPSHOT/jave-nativebin-linux-arm64-3.1.0-SNAPSHOT.jar
[INFO] Installing /home/codegex/Documents/workspace/rbugs/experiment/top100repos/jave2/jave-nativebin-arm64/pom.xml to /home/codegex/.m2/repository/ws/schild/jave-nativebin-linux-arm64/3.1.0-SNAPSHOT/jave-nativebin-linux-arm64-3.1.0-SNAPSHOT.pom
[INFO] Installing /home/codegex/Documents/workspace/rbugs/experiment/top100repos/jave2/jave-nativebin-arm64/target/jave-nativebin-linux-arm64-3.1.0-SNAPSHOT-sources.jar to /home/codegex/.m2/repository/ws/schild/jave-nativebin-linux-arm64/3.1.0-SNAPSHOT/jave-nativebin-linux-arm64-3.1.0-SNAPSHOT-sources.jar
[INFO] 
[INFO] --- maven-dependency-plugin:2.8:purge-local-repository (default-cli) @ jave-nativebin-linux-arm64 ---
[INFO] Downloading from central: https://repo.maven.apache.org/maven2/org/junit/jupiter/junit-jupiter-api/5.4.2/junit-jupiter-api-5.4.2.pom
[INFO] Downloaded from central: https://repo.maven.apache.org/maven2/org/junit/jupiter/junit-jupiter-api/5.4.2/junit-jupiter-api-5.4.2.pom (2.4 kB at 6.6 kB/s)
[INFO] Downloading from central: https://repo.maven.apache.org/maven2/org/apiguardian/apiguardian-api/1.0.0/apiguardian-api-1.0.0.pom
[INFO] Downloaded from central: https://repo.maven.apache.org/maven2/org/apiguardian/apiguardian-api/1.0.0/apiguardian-api-1.0.0.pom (1.2 kB at 3.2 kB/s)
[INFO] Downloading from central: https://repo.maven.apache.org/maven2/org/opentest4j/opentest4j/1.1.1/opentest4j-1.1.1.pom
[INFO] Downloaded from central: https://repo.maven.apache.org/maven2/org/opentest4j/opentest4j/1.1.1/opentest4j-1.1.1.pom (1.7 kB at 4.7 kB/s)
[INFO] Downloading from central: https://repo.maven.apache.org/maven2/org/junit/platform/junit-platform-commons/1.4.2/junit-platform-commons-1.4.2.pom
[INFO] Downloaded from central: https://repo.maven.apache.org/maven2/org/junit/platform/junit-platform-commons/1.4.2/junit-platform-commons-1.4.2.pom (2.0 kB at 5.6 kB/s)
[INFO] Downloading from central: https://repo.maven.apache.org/maven2/org/junit/jupiter/junit-jupiter-api/5.4.2/junit-jupiter-api-5.4.2.jar
[INFO] Downloaded from central: https://repo.maven.apache.org/maven2/org/junit/jupiter/junit-jupiter-api/5.4.2/junit-jupiter-api-5.4.2.jar (134 kB at 324 kB/s)
[INFO] Downloading from central: https://repo.maven.apache.org/maven2/org/apiguardian/apiguardian-api/1.0.0/apiguardian-api-1.0.0.jar
[INFO] Downloaded from central: https://repo.maven.apache.org/maven2/org/apiguardian/apiguardian-api/1.0.0/apiguardian-api-1.0.0.jar (2.2 kB at 6.0 kB/s)
[INFO] Downloading from central: https://repo.maven.apache.org/maven2/org/opentest4j/opentest4j/1.1.1/opentest4j-1.1.1.jar
[INFO] Downloaded from central: https://repo.maven.apache.org/maven2/org/opentest4j/opentest4j/1.1.1/opentest4j-1.1.1.jar (7.1 kB at 20 kB/s)
[INFO] Downloading from central: https://repo.maven.apache.org/maven2/org/junit/platform/junit-platform-commons/1.4.2/junit-platform-commons-1.4.2.jar
[INFO] Downloaded from central: https://repo.maven.apache.org/maven2/org/junit/platform/junit-platform-commons/1.4.2/junit-platform-commons-1.4.2.jar (89 kB at 230 kB/s)
[INFO] 
[INFO] ----------------< ws.schild:jave-nativebin-linux-arm32 >----------------
[INFO] Building Jave linux arm 32 bit native package 3.1.0-SNAPSHOT      [7/13]
[INFO] --------------------------------[ jar ]---------------------------------
[WARNING] The POM for org.apache.maven.plugins:maven-deploy-plugin:jar:3.0.1-M1 is missing, no dependency information available
[WARNING] Failed to retrieve plugin descriptor for org.apache.maven.plugins:maven-deploy-plugin:3.0.1-M1: Plugin org.apache.maven.plugins:maven-deploy-plugin:3.0.1-M1 or one of its dependencies could not be resolved: Failure to find org.apache.maven.plugins:maven-deploy-plugin:jar:3.0.1-M1 in https://repo.maven.apache.org/maven2 was cached in the local repository, resolution will not be reattempted until the update interval of central has elapsed or updates are forced
[WARNING] The POM for com.github.spotbugs:spotbugs-maven-plugin:jar:4.1.4-ZY is missing, no dependency information available
[WARNING] Failed to retrieve plugin descriptor for com.github.spotbugs:spotbugs-maven-plugin:4.1.4-ZY: Plugin com.github.spotbugs:spotbugs-maven-plugin:4.1.4-ZY or one of its dependencies could not be resolved: Failure to find com.github.spotbugs:spotbugs-maven-plugin:jar:4.1.4-ZY in https://repo.maven.apache.org/maven2 was cached in the local repository, resolution will not be reattempted until the update interval of central has elapsed or updates are forced
[INFO] 
[INFO] --- maven-clean-plugin:2.5:clean (default-clean) @ jave-nativebin-linux-arm32 ---
[INFO] Deleting /home/codegex/Documents/workspace/rbugs/experiment/top100repos/jave2/jave-nativebin-arm32/target
[INFO] 
[INFO] --- maven-resources-plugin:3.1.0:resources (default-resources) @ jave-nativebin-linux-arm32 ---
[INFO] Using 'UTF-8' encoding to copy filtered resources.
[INFO] Copying 1 resource
[INFO] 
[INFO] --- maven-compiler-plugin:3.8.1:compile (default-compile) @ jave-nativebin-linux-arm32 ---
[INFO] No sources to compile
[INFO] 
[INFO] --- maven-resources-plugin:3.1.0:testResources (default-testResources) @ jave-nativebin-linux-arm32 ---
[INFO] Using 'UTF-8' encoding to copy filtered resources.
[INFO] skip non existing resourceDirectory /home/codegex/Documents/workspace/rbugs/experiment/top100repos/jave2/jave-nativebin-arm32/src/test/resources
[INFO] 
[INFO] --- maven-compiler-plugin:3.8.1:testCompile (default-testCompile) @ jave-nativebin-linux-arm32 ---
[INFO] No sources to compile
[INFO] 
[INFO] --- maven-surefire-plugin:2.12.4:test (default-test) @ jave-nativebin-linux-arm32 ---
[INFO] Tests are skipped.
[INFO] 
[INFO] --- maven-jar-plugin:2.4:jar (default-jar) @ jave-nativebin-linux-arm32 ---
[INFO] Building jar: /home/codegex/Documents/workspace/rbugs/experiment/top100repos/jave2/jave-nativebin-arm32/target/jave-nativebin-linux-arm32-3.1.0-SNAPSHOT.jar
[INFO] 
[INFO] --- maven-source-plugin:3.1.0:jar-no-fork (attach-sources) @ jave-nativebin-linux-arm32 ---
[INFO] Building jar: /home/codegex/Documents/workspace/rbugs/experiment/top100repos/jave2/jave-nativebin-arm32/target/jave-nativebin-linux-arm32-3.1.0-SNAPSHOT-sources.jar
[INFO] 
[INFO] --- maven-javadoc-plugin:3.1.0:jar (attach-javadocs) @ jave-nativebin-linux-arm32 ---
[INFO] Skipping javadoc generation
[INFO] 
[INFO] --- maven-gpg-plugin:1.6:sign (sign-artifacts) @ jave-nativebin-linux-arm32 ---
[INFO] 
[INFO] --- maven-install-plugin:2.4:install (default-install) @ jave-nativebin-linux-arm32 ---
[INFO] Installing /home/codegex/Documents/workspace/rbugs/experiment/top100repos/jave2/jave-nativebin-arm32/target/jave-nativebin-linux-arm32-3.1.0-SNAPSHOT.jar to /home/codegex/.m2/repository/ws/schild/jave-nativebin-linux-arm32/3.1.0-SNAPSHOT/jave-nativebin-linux-arm32-3.1.0-SNAPSHOT.jar
[INFO] Installing /home/codegex/Documents/workspace/rbugs/experiment/top100repos/jave2/jave-nativebin-arm32/pom.xml to /home/codegex/.m2/repository/ws/schild/jave-nativebin-linux-arm32/3.1.0-SNAPSHOT/jave-nativebin-linux-arm32-3.1.0-SNAPSHOT.pom
[INFO] Installing /home/codegex/Documents/workspace/rbugs/experiment/top100repos/jave2/jave-nativebin-arm32/target/jave-nativebin-linux-arm32-3.1.0-SNAPSHOT-sources.jar to /home/codegex/.m2/repository/ws/schild/jave-nativebin-linux-arm32/3.1.0-SNAPSHOT/jave-nativebin-linux-arm32-3.1.0-SNAPSHOT-sources.jar
[INFO] 
[INFO] --- maven-dependency-plugin:2.8:purge-local-repository (default-cli) @ jave-nativebin-linux-arm32 ---
[INFO] Downloading from central: https://repo.maven.apache.org/maven2/org/junit/jupiter/junit-jupiter-api/5.4.2/junit-jupiter-api-5.4.2.pom
[INFO] Downloaded from central: https://repo.maven.apache.org/maven2/org/junit/jupiter/junit-jupiter-api/5.4.2/junit-jupiter-api-5.4.2.pom (2.4 kB at 5.5 kB/s)
[INFO] Downloading from central: https://repo.maven.apache.org/maven2/org/apiguardian/apiguardian-api/1.0.0/apiguardian-api-1.0.0.pom
[INFO] Downloaded from central: https://repo.maven.apache.org/maven2/org/apiguardian/apiguardian-api/1.0.0/apiguardian-api-1.0.0.pom (1.2 kB at 2.7 kB/s)
[INFO] Downloading from central: https://repo.maven.apache.org/maven2/org/opentest4j/opentest4j/1.1.1/opentest4j-1.1.1.pom
[INFO] Downloaded from central: https://repo.maven.apache.org/maven2/org/opentest4j/opentest4j/1.1.1/opentest4j-1.1.1.pom (1.7 kB at 4.6 kB/s)
[INFO] Downloading from central: https://repo.maven.apache.org/maven2/org/junit/platform/junit-platform-commons/1.4.2/junit-platform-commons-1.4.2.pom
[INFO] Downloaded from central: https://repo.maven.apache.org/maven2/org/junit/platform/junit-platform-commons/1.4.2/junit-platform-commons-1.4.2.pom (2.0 kB at 5.5 kB/s)
[INFO] Downloading from central: https://repo.maven.apache.org/maven2/org/junit/jupiter/junit-jupiter-api/5.4.2/junit-jupiter-api-5.4.2.jar
[INFO] Downloaded from central: https://repo.maven.apache.org/maven2/org/junit/jupiter/junit-jupiter-api/5.4.2/junit-jupiter-api-5.4.2.jar (134 kB at 330 kB/s)
[INFO] Downloading from central: https://repo.maven.apache.org/maven2/org/apiguardian/apiguardian-api/1.0.0/apiguardian-api-1.0.0.jar
[INFO] Downloaded from central: https://repo.maven.apache.org/maven2/org/apiguardian/apiguardian-api/1.0.0/apiguardian-api-1.0.0.jar (2.2 kB at 6.0 kB/s)
[INFO] Downloading from central: https://repo.maven.apache.org/maven2/org/opentest4j/opentest4j/1.1.1/opentest4j-1.1.1.jar
[INFO] Downloaded from central: https://repo.maven.apache.org/maven2/org/opentest4j/opentest4j/1.1.1/opentest4j-1.1.1.jar (7.1 kB at 20 kB/s)
[INFO] Downloading from central: https://repo.maven.apache.org/maven2/org/junit/platform/junit-platform-commons/1.4.2/junit-platform-commons-1.4.2.jar
[INFO] Downloaded from central: https://repo.maven.apache.org/maven2/org/junit/platform/junit-platform-commons/1.4.2/junit-platform-commons-1.4.2.jar (89 kB at 229 kB/s)
[INFO] 
[INFO] ------------------------< ws.schild:jave-core >-------------------------
[INFO] Building Jave core package 3.1.0-SNAPSHOT                         [8/13]
[INFO] --------------------------------[ jar ]---------------------------------
[WARNING] The POM for org.apache.maven.plugins:maven-deploy-plugin:jar:3.0.1-M1 is missing, no dependency information available
[WARNING] Failed to retrieve plugin descriptor for org.apache.maven.plugins:maven-deploy-plugin:3.0.1-M1: Plugin org.apache.maven.plugins:maven-deploy-plugin:3.0.1-M1 or one of its dependencies could not be resolved: Failure to find org.apache.maven.plugins:maven-deploy-plugin:jar:3.0.1-M1 in https://repo.maven.apache.org/maven2 was cached in the local repository, resolution will not be reattempted until the update interval of central has elapsed or updates are forced
[WARNING] The POM for com.github.spotbugs:spotbugs-maven-plugin:jar:4.1.4-ZY is missing, no dependency information available
[WARNING] Failed to retrieve plugin descriptor for com.github.spotbugs:spotbugs-maven-plugin:4.1.4-ZY: Plugin com.github.spotbugs:spotbugs-maven-plugin:4.1.4-ZY or one of its dependencies could not be resolved: Failure to find com.github.spotbugs:spotbugs-maven-plugin:jar:4.1.4-ZY in https://repo.maven.apache.org/maven2 was cached in the local repository, resolution will not be reattempted until the update interval of central has elapsed or updates are forced
[INFO] 
[INFO] --- maven-clean-plugin:2.5:clean (default-clean) @ jave-core ---
[INFO] 
[INFO] --- buildnumber-maven-plugin:1.4:create (default) @ jave-core ---
[INFO] Executing: /bin/sh -c cd '/home/codegex/Documents/workspace/rbugs/experiment/top100repos/jave2/jave-core' && 'git' 'rev-parse' '--show-toplevel'
[INFO] Working directory: /home/codegex/Documents/workspace/rbugs/experiment/top100repos/jave2/jave-core
[INFO] Executing: /bin/sh -c cd '/home/codegex/Documents/workspace/rbugs/experiment/top100repos/jave2/jave-core' && 'git' 'status' '--porcelain' '.'
[INFO] Working directory: /home/codegex/Documents/workspace/rbugs/experiment/top100repos/jave2/jave-core
[INFO] 
[INFO] ----------------------< ws.schild:jave-core-test >----------------------
[INFO] Building jave-core-test 3.1.0-SNAPSHOT                            [9/13]
[INFO] --------------------------------[ jar ]---------------------------------
[WARNING] The POM for com.github.spotbugs:spotbugs-maven-plugin:jar:4.1.4-ZY is missing, no dependency information available
[WARNING] Failed to retrieve plugin descriptor for com.github.spotbugs:spotbugs-maven-plugin:4.1.4-ZY: Plugin com.github.spotbugs:spotbugs-maven-plugin:4.1.4-ZY or one of its dependencies could not be resolved: Failure to find com.github.spotbugs:spotbugs-maven-plugin:jar:4.1.4-ZY in https://repo.maven.apache.org/maven2 was cached in the local repository, resolution will not be reattempted until the update interval of central has elapsed or updates are forced
[INFO] Downloading from central: https://repo.maven.apache.org/maven2/org/slf4j/slf4j-simple/1.7.26/slf4j-simple-1.7.26.pom
[INFO] Downloaded from central: https://repo.maven.apache.org/maven2/org/slf4j/slf4j-simple/1.7.26/slf4j-simple-1.7.26.pom (1.0 kB at 2.8 kB/s)
[INFO] Downloading from central: https://repo.maven.apache.org/maven2/org/seleniumhq/selenium/selenium-java/2.44.0/selenium-java-2.44.0.pom
[INFO] Downloaded from central: https://repo.maven.apache.org/maven2/org/seleniumhq/selenium/selenium-java/2.44.0/selenium-java-2.44.0.pom (5.9 kB at 16 kB/s)
[INFO] Downloading from central: https://repo.maven.apache.org/maven2/org/seleniumhq/selenium/selenium-parent/2.44.0/selenium-parent-2.44.0.pom
[INFO] Downloaded from central: https://repo.maven.apache.org/maven2/org/seleniumhq/selenium/selenium-parent/2.44.0/selenium-parent-2.44.0.pom (9.7 kB at 26 kB/s)
[INFO] Downloading from central: https://repo.maven.apache.org/maven2/org/seleniumhq/selenium/selenium-chrome-driver/2.44.0/selenium-chrome-driver-2.44.0.pom
[INFO] Downloaded from central: https://repo.maven.apache.org/maven2/org/seleniumhq/selenium/selenium-chrome-driver/2.44.0/selenium-chrome-driver-2.44.0.pom (2.9 kB at 8.1 kB/s)
[INFO] Downloading from central: https://repo.maven.apache.org/maven2/org/seleniumhq/selenium/selenium-remote-driver/2.44.0/selenium-remote-driver-2.44.0.pom
[INFO] Downloaded from central: https://repo.maven.apache.org/maven2/org/seleniumhq/selenium/selenium-remote-driver/2.44.0/selenium-remote-driver-2.44.0.pom (3.6 kB at 9.8 kB/s)
[INFO] Downloading from central: https://repo.maven.apache.org/maven2/org/seleniumhq/selenium/selenium-api/2.44.0/selenium-api-2.44.0.pom
[INFO] Downloaded from central: https://repo.maven.apache.org/maven2/org/seleniumhq/selenium/selenium-api/2.44.0/selenium-api-2.44.0.pom (5.2 kB at 13 kB/s)
[INFO] Downloading from central: https://repo.maven.apache.org/maven2/org/seleniumhq/selenium/selenium-htmlunit-driver/2.44.0/selenium-htmlunit-driver-2.44.0.pom
[INFO] Downloaded from central: https://repo.maven.apache.org/maven2/org/seleniumhq/selenium/selenium-htmlunit-driver/2.44.0/selenium-htmlunit-driver-2.44.0.pom (2.3 kB at 6.3 kB/s)
[INFO] Downloading from central: https://repo.maven.apache.org/maven2/org/seleniumhq/selenium/selenium-firefox-driver/2.44.0/selenium-firefox-driver-2.44.0.pom
[INFO] Downloaded from central: https://repo.maven.apache.org/maven2/org/seleniumhq/selenium/selenium-firefox-driver/2.44.0/selenium-firefox-driver-2.44.0.pom (3.2 kB at 8.9 kB/s)
[INFO] Downloading from central: https://repo.maven.apache.org/maven2/org/seleniumhq/selenium/selenium-ie-driver/2.44.0/selenium-ie-driver-2.44.0.pom
[INFO] Downloaded from central: https://repo.maven.apache.org/maven2/org/seleniumhq/selenium/selenium-ie-driver/2.44.0/selenium-ie-driver-2.44.0.pom (3.2 kB at 5.1 kB/s)
[INFO] Downloading from central: https://repo.maven.apache.org/maven2/org/seleniumhq/selenium/selenium-safari-driver/2.44.0/selenium-safari-driver-2.44.0.pom
[INFO] Downloaded from central: https://repo.maven.apache.org/maven2/org/seleniumhq/selenium/selenium-safari-driver/2.44.0/selenium-safari-driver-2.44.0.pom (3.1 kB at 8.4 kB/s)
[INFO] Downloading from central: https://repo.maven.apache.org/maven2/org/webbitserver/webbit/0.4.14/webbit-0.4.14.pom
[INFO] Downloaded from central: https://repo.maven.apache.org/maven2/org/webbitserver/webbit/0.4.14/webbit-0.4.14.pom (5.0 kB at 14 kB/s)
[INFO] Downloading from central: https://repo.maven.apache.org/maven2/io/netty/netty/3.5.2.Final/netty-3.5.2.Final.pom
[INFO] Downloaded from central: https://repo.maven.apache.org/maven2/io/netty/netty/3.5.2.Final/netty-3.5.2.Final.pom (26 kB at 69 kB/s)
[INFO] Downloading from central: https://repo.maven.apache.org/maven2/org/seleniumhq/selenium/selenium-support/2.44.0/selenium-support-2.44.0.pom
[INFO] Downloaded from central: https://repo.maven.apache.org/maven2/org/seleniumhq/selenium/selenium-support/2.44.0/selenium-support-2.44.0.pom (2.5 kB at 6.8 kB/s)
[INFO] Downloading from central: https://repo.maven.apache.org/maven2/org/seleniumhq/selenium/selenium-java/2.35.0/selenium-java-2.35.0.pom
[INFO] Downloaded from central: https://repo.maven.apache.org/maven2/org/seleniumhq/selenium/selenium-java/2.35.0/selenium-java-2.35.0.pom (6.5 kB at 18 kB/s)
[INFO] Downloading from central: https://repo.maven.apache.org/maven2/org/seleniumhq/selenium/selenium-parent/2.35.0/selenium-parent-2.35.0.pom
[INFO] Downloaded from central: https://repo.maven.apache.org/maven2/org/seleniumhq/selenium/selenium-parent/2.35.0/selenium-parent-2.35.0.pom (9.8 kB at 27 kB/s)
[INFO] Downloading from central: https://repo.maven.apache.org/maven2/org/seleniumhq/selenium/selenium-android-driver/2.35.0/selenium-android-driver-2.35.0.pom
[INFO] Downloaded from central: https://repo.maven.apache.org/maven2/org/seleniumhq/selenium/selenium-android-driver/2.35.0/selenium-android-driver-2.35.0.pom (2.2 kB at 5.9 kB/s)
[INFO] Downloading from central: https://repo.maven.apache.org/maven2/org/seleniumhq/selenium/selenium-chrome-driver/2.35.0/selenium-chrome-driver-2.35.0.pom
[INFO] Downloaded from central: https://repo.maven.apache.org/maven2/org/seleniumhq/selenium/selenium-chrome-driver/2.35.0/selenium-chrome-driver-2.35.0.pom (2.9 kB at 8.2 kB/s)
[INFO] Downloading from central: https://repo.maven.apache.org/maven2/org/seleniumhq/selenium/selenium-htmlunit-driver/2.35.0/selenium-htmlunit-driver-2.35.0.pom
[INFO] Downloaded from central: https://repo.maven.apache.org/maven2/org/seleniumhq/selenium/selenium-htmlunit-driver/2.35.0/selenium-htmlunit-driver-2.35.0.pom (2.3 kB at 6.2 kB/s)
[INFO] Downloading from central: https://repo.maven.apache.org/maven2/net/sourceforge/htmlunit/htmlunit/2.12/htmlunit-2.12.pom
[INFO] Downloaded from central: https://repo.maven.apache.org/maven2/net/sourceforge/htmlunit/htmlunit/2.12/htmlunit-2.12.pom (35 kB at 95 kB/s)
[INFO] Downloading from central: https://repo.maven.apache.org/maven2/org/apache/httpcomponents/httpmime/4.2.3/httpmime-4.2.3.pom
[INFO] Downloaded from central: https://repo.maven.apache.org/maven2/org/apache/httpcomponents/httpmime/4.2.3/httpmime-4.2.3.pom (5.4 kB at 12 kB/s)
[INFO] Downloading from central: https://repo.maven.apache.org/maven2/net/sourceforge/htmlunit/htmlunit-core-js/2.12/htmlunit-core-js-2.12.pom
[INFO] Downloaded from central: https://repo.maven.apache.org/maven2/net/sourceforge/htmlunit/htmlunit-core-js/2.12/htmlunit-core-js-2.12.pom (1.5 kB at 3.8 kB/s)
[INFO] Downloading from central: https://repo.maven.apache.org/maven2/xerces/xercesImpl/2.10.0/xercesImpl-2.10.0.pom
[INFO] Downloaded from central: https://repo.maven.apache.org/maven2/xerces/xercesImpl/2.10.0/xercesImpl-2.10.0.pom (3.2 kB at 7.8 kB/s)
[INFO] Downloading from central: https://repo.maven.apache.org/maven2/net/sourceforge/nekohtml/nekohtml/1.9.18/nekohtml-1.9.18.pom
[INFO] Downloaded from central: https://repo.maven.apache.org/maven2/net/sourceforge/nekohtml/nekohtml/1.9.18/nekohtml-1.9.18.pom (1.4 kB at 2.1 kB/s)
[INFO] Downloading from central: https://repo.maven.apache.org/maven2/net/sourceforge/cssparser/cssparser/0.9.9/cssparser-0.9.9.pom
[INFO] Downloaded from central: https://repo.maven.apache.org/maven2/net/sourceforge/cssparser/cssparser/0.9.9/cssparser-0.9.9.pom (10 kB at 28 kB/s)
[INFO] Downloading from central: https://repo.maven.apache.org/maven2/org/eclipse/jetty/jetty-websocket/8.1.9.v20130131/jetty-websocket-8.1.9.v20130131.pom
[INFO] Downloaded from central: https://repo.maven.apache.org/maven2/org/eclipse/jetty/jetty-websocket/8.1.9.v20130131/jetty-websocket-8.1.9.v20130131.pom (4.1 kB at 11 kB/s)
[INFO] Downloading from central: https://repo.maven.apache.org/maven2/org/eclipse/jetty/jetty-project/8.1.9.v20130131/jetty-project-8.1.9.v20130131.pom
[INFO] Downloaded from central: https://repo.maven.apache.org/maven2/org/eclipse/jetty/jetty-project/8.1.9.v20130131/jetty-project-8.1.9.v20130131.pom (28 kB at 74 kB/s)
[INFO] Downloading from central: https://repo.maven.apache.org/maven2/org/eclipse/jetty/jetty-util/8.1.9.v20130131/jetty-util-8.1.9.v20130131.pom
[INFO] Downloaded from central: https://repo.maven.apache.org/maven2/org/eclipse/jetty/jetty-util/8.1.9.v20130131/jetty-util-8.1.9.v20130131.pom (3.4 kB at 9.4 kB/s)
[INFO] Downloading from central: https://repo.maven.apache.org/maven2/org/eclipse/jetty/jetty-io/8.1.9.v20130131/jetty-io-8.1.9.v20130131.pom
[INFO] Downloaded from central: https://repo.maven.apache.org/maven2/org/eclipse/jetty/jetty-io/8.1.9.v20130131/jetty-io-8.1.9.v20130131.pom (2.1 kB at 5.8 kB/s)
[INFO] Downloading from central: https://repo.maven.apache.org/maven2/org/eclipse/jetty/jetty-http/8.1.9.v20130131/jetty-http-8.1.9.v20130131.pom
[INFO] Downloaded from central: https://repo.maven.apache.org/maven2/org/eclipse/jetty/jetty-http/8.1.9.v20130131/jetty-http-8.1.9.v20130131.pom (2.6 kB at 7.1 kB/s)
[INFO] Downloading from central: https://repo.maven.apache.org/maven2/org/apache/httpcomponents/httpcore/4.2.1/httpcore-4.2.1.pom
[INFO] Downloaded from central: https://repo.maven.apache.org/maven2/org/apache/httpcomponents/httpcore/4.2.1/httpcore-4.2.1.pom (5.7 kB at 16 kB/s)
[INFO] Downloading from central: https://repo.maven.apache.org/maven2/org/apache/httpcomponents/httpcomponents-core/4.2.1/httpcomponents-core-4.2.1.pom
[INFO] Downloaded from central: https://repo.maven.apache.org/maven2/org/apache/httpcomponents/httpcomponents-core/4.2.1/httpcomponents-core-4.2.1.pom (11 kB at 31 kB/s)
[INFO] Downloading from central: https://repo.maven.apache.org/maven2/org/seleniumhq/selenium/selenium-firefox-driver/2.35.0/selenium-firefox-driver-2.35.0.pom
[INFO] Downloaded from central: https://repo.maven.apache.org/maven2/org/seleniumhq/selenium/selenium-firefox-driver/2.35.0/selenium-firefox-driver-2.35.0.pom (3.2 kB at 8.8 kB/s)
[INFO] Downloading from central: https://repo.maven.apache.org/maven2/org/seleniumhq/selenium/selenium-ie-driver/2.35.0/selenium-ie-driver-2.35.0.pom
[INFO] Downloaded from central: https://repo.maven.apache.org/maven2/org/seleniumhq/selenium/selenium-ie-driver/2.35.0/selenium-ie-driver-2.35.0.pom (3.2 kB at 8.7 kB/s)
[INFO] Downloading from central: https://repo.maven.apache.org/maven2/org/seleniumhq/selenium/selenium-iphone-driver/2.35.0/selenium-iphone-driver-2.35.0.pom
[INFO] Downloaded from central: https://repo.maven.apache.org/maven2/org/seleniumhq/selenium/selenium-iphone-driver/2.35.0/selenium-iphone-driver-2.35.0.pom (1.9 kB at 5.3 kB/s)
[INFO] Downloading from central: https://repo.maven.apache.org/maven2/org/seleniumhq/selenium/selenium-safari-driver/2.35.0/selenium-safari-driver-2.35.0.pom
[INFO] Downloaded from central: https://repo.maven.apache.org/maven2/org/seleniumhq/selenium/selenium-safari-driver/2.35.0/selenium-safari-driver-2.35.0.pom (3.1 kB at 8.5 kB/s)
[INFO] Downloading from central: https://repo.maven.apache.org/maven2/org/seleniumhq/selenium/selenium-support/2.35.0/selenium-support-2.35.0.pom
[INFO] Downloaded from central: https://repo.maven.apache.org/maven2/org/seleniumhq/selenium/selenium-support/2.35.0/selenium-support-2.35.0.pom (2.5 kB at 5.9 kB/s)
[INFO] Downloading from central: https://repo.maven.apache.org/maven2/org/seleniumhq/selenium/selenium-api/2.35.0/selenium-api-2.35.0.pom
[INFO] Downloaded from central: https://repo.maven.apache.org/maven2/org/seleniumhq/selenium/selenium-api/2.35.0/selenium-api-2.35.0.pom (5.2 kB at 9.5 kB/s)
[INFO] Downloading from central: https://repo.maven.apache.org/maven2/org/slf4j/slf4j-simple/1.7.26/slf4j-simple-1.7.26.jar
[INFO] Downloading from central: https://repo.maven.apache.org/maven2/org/seleniumhq/selenium/selenium-java/2.44.0/selenium-java-2.44.0.jar
[INFO] Downloading from central: https://repo.maven.apache.org/maven2/org/seleniumhq/selenium/selenium-chrome-driver/2.44.0/selenium-chrome-driver-2.44.0.jar
[INFO] Downloading from central: https://repo.maven.apache.org/maven2/org/seleniumhq/selenium/selenium-remote-driver/2.44.0/selenium-remote-driver-2.44.0.jar
[INFO] Downloading from central: https://repo.maven.apache.org/maven2/com/google/code/gson/gson/2.3/gson-2.3.jar
[INFO] Downloaded from central: https://repo.maven.apache.org/maven2/org/slf4j/slf4j-simple/1.7.26/slf4j-simple-1.7.26.jar (15 kB at 41 kB/s)
[INFO] Downloading from central: https://repo.maven.apache.org/maven2/org/seleniumhq/selenium/selenium-api/2.44.0/selenium-api-2.44.0.jar
[INFO] Downloaded from central: https://repo.maven.apache.org/maven2/org/seleniumhq/selenium/selenium-chrome-driver/2.44.0/selenium-chrome-driver-2.44.0.jar (11 kB at 14 kB/s)
[INFO] Downloaded from central: https://repo.maven.apache.org/maven2/org/seleniumhq/selenium/selenium-api/2.44.0/selenium-api-2.44.0.jar (133 kB at 172 kB/s)
[INFO] Downloading from central: https://repo.maven.apache.org/maven2/org/seleniumhq/selenium/selenium-htmlunit-driver/2.44.0/selenium-htmlunit-driver-2.44.0.jar
[INFO] Downloading from central: https://repo.maven.apache.org/maven2/net/sourceforge/htmlunit/htmlunit/2.15/htmlunit-2.15.jar
[INFO] Downloaded from central: https://repo.maven.apache.org/maven2/org/seleniumhq/selenium/selenium-java/2.44.0/selenium-java-2.44.0.jar (397 kB at 423 kB/s)
[INFO] Downloading from central: https://repo.maven.apache.org/maven2/xalan/xalan/2.7.1/xalan-2.7.1.jar
[INFO] Downloaded from central: https://repo.maven.apache.org/maven2/org/seleniumhq/selenium/selenium-htmlunit-driver/2.44.0/selenium-htmlunit-driver-2.44.0.jar (59 kB at 51 kB/s)
[INFO] Downloading from central: https://repo.maven.apache.org/maven2/xalan/serializer/2.7.1/serializer-2.7.1.jar
[INFO] Downloaded from central: https://repo.maven.apache.org/maven2/com/google/code/gson/gson/2.3/gson-2.3.jar (207 kB at 171 kB/s)
[INFO] Downloading from central: https://repo.maven.apache.org/maven2/org/apache/httpcomponents/httpmime/4.3.3/httpmime-4.3.3.jar
[INFO] Downloaded from central: https://repo.maven.apache.org/maven2/org/seleniumhq/selenium/selenium-remote-driver/2.44.0/selenium-remote-driver-2.44.0.jar (227 kB at 186 kB/s)
[INFO] Downloading from central: https://repo.maven.apache.org/maven2/net/sourceforge/htmlunit/htmlunit-core-js/2.15/htmlunit-core-js-2.15.jar
[INFO] Downloaded from central: https://repo.maven.apache.org/maven2/org/apache/httpcomponents/httpmime/4.3.3/httpmime-4.3.3.jar (37 kB at 23 kB/s)
[INFO] Downloading from central: https://repo.maven.apache.org/maven2/net/sourceforge/nekohtml/nekohtml/1.9.21/nekohtml-1.9.21.jar
[INFO] Downloaded from central: https://repo.maven.apache.org/maven2/xalan/serializer/2.7.1/serializer-2.7.1.jar (278 kB at 164 kB/s)
[INFO] Downloading from central: https://repo.maven.apache.org/maven2/net/sourceforge/cssparser/cssparser/0.9.14/cssparser-0.9.14.jar
[INFO] Downloaded from central: https://repo.maven.apache.org/maven2/net/sourceforge/nekohtml/nekohtml/1.9.21/nekohtml-1.9.21.jar (125 kB at 63 kB/s)
[INFO] Downloading from central: https://repo.maven.apache.org/maven2/org/eclipse/jetty/jetty-websocket/8.1.15.v20140411/jetty-websocket-8.1.15.v20140411.jar
[INFO] Downloaded from central: https://repo.maven.apache.org/maven2/net/sourceforge/htmlunit/htmlunit-core-js/2.15/htmlunit-core-js-2.15.jar (1.0 MB at 509 kB/s)
[INFO] Downloading from central: https://repo.maven.apache.org/maven2/org/seleniumhq/selenium/selenium-firefox-driver/2.44.0/selenium-firefox-driver-2.44.0.jar
[INFO] Downloaded from central: https://repo.maven.apache.org/maven2/net/sourceforge/htmlunit/htmlunit/2.15/htmlunit-2.15.jar (1.5 MB at 702 kB/s)
[INFO] Downloading from central: https://repo.maven.apache.org/maven2/org/seleniumhq/selenium/selenium-ie-driver/2.44.0/selenium-ie-driver-2.44.0.jar
[INFO] Downloaded from central: https://repo.maven.apache.org/maven2/net/sourceforge/cssparser/cssparser/0.9.14/cssparser-0.9.14.jar (355 kB at 163 kB/s)
[INFO] Downloading from central: https://repo.maven.apache.org/maven2/org/seleniumhq/selenium/selenium-safari-driver/2.44.0/selenium-safari-driver-2.44.0.jar
[INFO] Downloaded from central: https://repo.maven.apache.org/maven2/org/eclipse/jetty/jetty-websocket/8.1.15.v20140411/jetty-websocket-8.1.15.v20140411.jar (128 kB at 53 kB/s)
[INFO] Downloading from central: https://repo.maven.apache.org/maven2/org/seleniumhq/selenium/selenium-support/2.44.0/selenium-support-2.44.0.jar
[INFO] Downloaded from central: https://repo.maven.apache.org/maven2/org/seleniumhq/selenium/selenium-ie-driver/2.44.0/selenium-ie-driver-2.44.0.jar (12 kB at 4.8 kB/s)
[INFO] Downloading from central: https://repo.maven.apache.org/maven2/org/webbitserver/webbit/0.4.14/webbit-0.4.14.jar
[INFO] Downloaded from central: https://repo.maven.apache.org/maven2/org/seleniumhq/selenium/selenium-safari-driver/2.44.0/selenium-safari-driver-2.44.0.jar (285 kB at 109 kB/s)
[INFO] Downloading from central: https://repo.maven.apache.org/maven2/io/netty/netty/3.5.2.Final/netty-3.5.2.Final.jar
[INFO] Downloaded from central: https://repo.maven.apache.org/maven2/org/webbitserver/webbit/0.4.14/webbit-0.4.14.jar (165 kB at 59 kB/s)
[INFO] Downloading from central: https://repo.maven.apache.org/maven2/com/google/guava/guava/14.0/guava-14.0.jar
[INFO] Downloaded from central: https://repo.maven.apache.org/maven2/org/seleniumhq/selenium/selenium-support/2.44.0/selenium-support-2.44.0.jar (136 kB at 48 kB/s)
[INFO] Downloaded from central: https://repo.maven.apache.org/maven2/org/seleniumhq/selenium/selenium-firefox-driver/2.44.0/selenium-firefox-driver-2.44.0.jar (2.6 MB at 817 kB/s)
[INFO] Downloaded from central: https://repo.maven.apache.org/maven2/io/netty/netty/3.5.2.Final/netty-3.5.2.Final.jar (1.1 MB at 335 kB/s)
[INFO] Downloaded from central: https://repo.maven.apache.org/maven2/com/google/guava/guava/14.0/guava-14.0.jar (2.2 MB at 647 kB/s)
[INFO] Downloaded from central: https://repo.maven.apache.org/maven2/xalan/xalan/2.7.1/xalan-2.7.1.jar (3.2 MB at 261 kB/s)
[INFO] 
[INFO] ------------------< ws.schild:jave-core-test-java11 >-------------------
[INFO] Building jave-core-test-java11 3.1.0-SNAPSHOT                    [10/13]
[INFO] --------------------------------[ jar ]---------------------------------
[WARNING] The POM for com.github.spotbugs:spotbugs-maven-plugin:jar:4.1.4-ZY is missing, no dependency information available
[WARNING] Failed to retrieve plugin descriptor for com.github.spotbugs:spotbugs-maven-plugin:4.1.4-ZY: Plugin com.github.spotbugs:spotbugs-maven-plugin:4.1.4-ZY or one of its dependencies could not be resolved: Failure to find com.github.spotbugs:spotbugs-maven-plugin:jar:4.1.4-ZY in https://repo.maven.apache.org/maven2 was cached in the local repository, resolution will not be reattempted until the update interval of central has elapsed or updates are forced
[INFO] 
[INFO] -----------------------< ws.schild:jave-example >-----------------------
[INFO] Building jave-example 3.1.0-SNAPSHOT                             [11/13]
[INFO] --------------------------------[ jar ]---------------------------------
[WARNING] The POM for com.github.spotbugs:spotbugs-maven-plugin:jar:4.1.4-ZY is missing, no dependency information available
[WARNING] Failed to retrieve plugin descriptor for com.github.spotbugs:spotbugs-maven-plugin:4.1.4-ZY: Plugin com.github.spotbugs:spotbugs-maven-plugin:4.1.4-ZY or one of its dependencies could not be resolved: Failure to find com.github.spotbugs:spotbugs-maven-plugin:jar:4.1.4-ZY in https://repo.maven.apache.org/maven2 was cached in the local repository, resolution will not be reattempted until the update interval of central has elapsed or updates are forced
[INFO] 
[INFO] ----------------------< ws.schild:jave-all-deps >-----------------------
[INFO] Building Jave all native dependencies package 3.1.0-SNAPSHOT     [12/13]
[INFO] --------------------------------[ jar ]---------------------------------
[WARNING] The POM for org.apache.maven.plugins:maven-deploy-plugin:jar:3.0.1-M1 is missing, no dependency information available
[WARNING] Failed to retrieve plugin descriptor for org.apache.maven.plugins:maven-deploy-plugin:3.0.1-M1: Plugin org.apache.maven.plugins:maven-deploy-plugin:3.0.1-M1 or one of its dependencies could not be resolved: Failure to find org.apache.maven.plugins:maven-deploy-plugin:jar:3.0.1-M1 in https://repo.maven.apache.org/maven2 was cached in the local repository, resolution will not be reattempted until the update interval of central has elapsed or updates are forced
[WARNING] The POM for com.github.spotbugs:spotbugs-maven-plugin:jar:4.1.4-ZY is missing, no dependency information available
[WARNING] Failed to retrieve plugin descriptor for com.github.spotbugs:spotbugs-maven-plugin:4.1.4-ZY: Plugin com.github.spotbugs:spotbugs-maven-plugin:4.1.4-ZY or one of its dependencies could not be resolved: Failure to find com.github.spotbugs:spotbugs-maven-plugin:jar:4.1.4-ZY in https://repo.maven.apache.org/maven2 was cached in the local repository, resolution will not be reattempted until the update interval of central has elapsed or updates are forced
[INFO] 
[INFO] -----------------------< ws.schild:jave-modules >-----------------------
[INFO] Building Jave master project 3.1.0-SNAPSHOT                      [13/13]
[INFO] --------------------------------[ pom ]---------------------------------
[WARNING] The POM for com.github.spotbugs:spotbugs-maven-plugin:jar:4.1.4-ZY is missing, no dependency information available
[WARNING] Failed to retrieve plugin descriptor for com.github.spotbugs:spotbugs-maven-plugin:4.1.4-ZY: Plugin com.github.spotbugs:spotbugs-maven-plugin:4.1.4-ZY or one of its dependencies could not be resolved: Failure to find com.github.spotbugs:spotbugs-maven-plugin:jar:4.1.4-ZY in https://repo.maven.apache.org/maven2 was cached in the local repository, resolution will not be reattempted until the update interval of central has elapsed or updates are forced
[INFO] 
[INFO] --- maven-clean-plugin:2.5:clean (default-clean) @ jave-modules ---
[INFO] 
[INFO] --- maven-install-plugin:2.4:install (default-install) @ jave-modules ---
[INFO] Installing /home/codegex/Documents/workspace/rbugs/experiment/top100repos/jave2/pom.xml to /home/codegex/.m2/repository/ws/schild/jave-modules/3.1.0-SNAPSHOT/jave-modules-3.1.0-SNAPSHOT.pom
[INFO] 
[INFO] --- maven-dependency-plugin:2.8:purge-local-repository (default-cli) @ jave-modules ---
[INFO] No artifacts included for purge for project: ws.schild:jave-modules:pom:3.1.0-SNAPSHOT
[INFO] ------------------------------------------------------------------------
[INFO] Reactor Summary for Jave master project 3.1.0-SNAPSHOT:
[INFO] 
[INFO] Jave windows 32 bit native package ................. SUCCESS [ 10.349 s]
[INFO] Jave windows 64 bit native package ................. SUCCESS [  8.158 s]
[INFO] Jave linux 32 bit native package ................... SUCCESS [  7.343 s]
[INFO] Jave linux 64 bit native package ................... SUCCESS [  9.070 s]
[INFO] Jave OSX 64 bit native package ..................... SUCCESS [  8.479 s]
[INFO] Jave linux arm 64 bit native package ............... SUCCESS [  7.487 s]
[INFO] Jave linux arm 32 bit native package ............... SUCCESS [  5.764 s]
[INFO] Jave core package .................................. FAILURE [  0.328 s]
[INFO] jave-core-test ..................................... FAILURE [ 27.561 s]
[INFO] jave-core-test-java11 .............................. FAILURE [  0.006 s]
[INFO] jave-example ....................................... FAILURE [  0.004 s]
[INFO] Jave all native dependencies package ............... FAILURE [  0.003 s]
[INFO] Jave master project ................................ SUCCESS [  0.098 s]
[INFO] ------------------------------------------------------------------------
[INFO] BUILD FAILURE
[INFO] ------------------------------------------------------------------------
[INFO] Total time:  01:27 min
[INFO] Finished at: 2021-03-29T02:18:18+08:00
[INFO] ------------------------------------------------------------------------
[ERROR] Failed to execute goal org.codehaus.mojo:buildnumber-maven-plugin:1.4:create (default) on project jave-core: Cannot create the build number because you have local modifications : 
[ERROR] [jave-core/pom.xml:modified]
[ERROR] -> [Help 1]
[ERROR] Failed to execute goal on project jave-core-test: Could not resolve dependencies for project ws.schild:jave-core-test:jar:3.1.0-SNAPSHOT: Could not find artifact ws.schild:jave-core:jar:3.1.0-SNAPSHOT -> [Help 2]
[ERROR] Failed to execute goal on project jave-core-test-java11: Could not resolve dependencies for project ws.schild:jave-core-test-java11:jar:3.1.0-SNAPSHOT: Could not find artifact ws.schild:jave-core:jar:3.1.0-SNAPSHOT -> [Help 2]
[ERROR] Failed to execute goal on project jave-example: Could not resolve dependencies for project ws.schild:jave-example:jar:3.1.0-SNAPSHOT: Could not find artifact ws.schild:jave-core:jar:3.1.0-SNAPSHOT -> [Help 2]
[ERROR] Failed to execute goal on project jave-all-deps: Could not resolve dependencies for project ws.schild:jave-all-deps:jar:3.1.0-SNAPSHOT: Could not find artifact ws.schild:jave-core:jar:3.1.0-SNAPSHOT -> [Help 2]
[ERROR] 
[ERROR] To see the full stack trace of the errors, re-run Maven with the -e switch.
[ERROR] Re-run Maven using the -X switch to enable full debug logging.
[ERROR] 
[ERROR] For more information about the errors and possible solutions, please read the following articles:
[ERROR] [Help 1] http://cwiki.apache.org/confluence/display/MAVEN/MojoExecutionException
[ERROR] [Help 2] http://cwiki.apache.org/confluence/display/MAVEN/DependencyResolutionException
[ERROR] 
[ERROR] After correcting the problems, you can resume the build with the command
[ERROR]   mvn <args> -rf :jave-core
[INFO] Build failures were ignored.
WARNING: An illegal reflective access operation has occurred
WARNING: Illegal reflective access by com.google.inject.internal.cglib.core.$ReflectUtils$1 (file:/usr/share/maven/lib/guice.jar) to method java.lang.ClassLoader.defineClass(java.lang.String,byte[],int,int,java.security.ProtectionDomain)
WARNING: Please consider reporting this to the maintainers of com.google.inject.internal.cglib.core.$ReflectUtils$1
WARNING: Use --illegal-access=warn to enable warnings of further illegal reflective access operations
WARNING: All illegal access operations will be denied in a future release
